2022-06-01 19:06:33 INFO  Log:11 - =====================================loginTest TEST START=========================================
2022-06-01 19:06:33 INFO  Log:22 - user is going to click on SignIn
2022-06-01 19:06:39 INFO  Log:22 - enter Username and Password
2022-06-01 19:06:42 INFO  Log:22 - Verifying if user is able to login
2022-06-01 19:06:42 INFO  Log:22 - Login is Success
2022-06-01 19:06:42 INFO  Log:15 - =====================================loginTest TEST END=========================================
2022-06-02 14:23:41 INFO  Log:11 - =====================================loginTest TEST START=========================================
2022-06-02 14:23:41 INFO  Log:22 - user is going to click on SignIn
2022-06-02 14:23:46 INFO  Log:22 - enter Username and Password
2022-06-02 14:23:49 INFO  Log:22 - Verifying if user is able to login
2022-06-02 14:23:49 INFO  Log:22 - Login is Success
2022-06-02 14:23:49 INFO  Log:15 - =====================================loginTest TEST END=========================================
2022-06-02 14:31:46 INFO  Log:11 - =====================================loginTest TEST START=========================================
2022-06-02 14:31:46 INFO  Log:22 - user is going to click on SignIn
2022-06-02 14:31:54 INFO  Log:22 - enter Username and Password
2022-06-02 14:31:58 INFO  Log:22 - Verifying if user is able to login
2022-06-02 14:31:58 INFO  Log:22 - Login is Success
2022-06-02 14:31:58 INFO  Log:15 - =====================================loginTest TEST END=========================================
2022-06-02 14:32:09 INFO  Log:11 - =====================================endToEndTest TEST START=========================================
2022-06-02 14:32:51 INFO  Log:15 - =====================================endToEndTest TEST END=========================================
2022-06-02 14:33:03 INFO  Log:11 - =====================================verifyCreateAccountTest TEST START=========================================
2022-06-02 14:33:12 INFO  Log:15 - =====================================verifyCreateAccountTest TEST END=========================================
2022-06-02 14:33:23 INFO  Log:11 - =====================================verifyLogo TEST START=========================================
2022-06-02 14:33:23 INFO  Log:22 - Validate if logo is present
2022-06-02 14:33:24 INFO  Log:15 - =====================================verifyLogo TEST END=========================================
2022-06-02 14:33:37 INFO  Log:11 - =====================================verifyTitle TEST START=========================================
2022-06-02 14:33:37 INFO  Log:22 - Verify if My Store Title is displayed
2022-06-02 14:33:37 INFO  Log:15 - =====================================verifyTitle TEST END=========================================
2022-06-02 14:33:49 INFO  Log:11 - =====================================productAvailabilityTest TEST START=========================================
2022-06-02 14:33:53 INFO  Log:15 - =====================================productAvailabilityTest TEST END=========================================
2022-06-02 14:34:06 INFO  Log:11 - =====================================orderHistoryTest TEST START=========================================
2022-06-02 14:34:33 INFO  Log:15 - =====================================orderHistoryTest TEST END=========================================
2022-06-02 14:34:59 INFO  Log:11 - =====================================wishlistTest TEST START=========================================
2022-06-02 14:35:10 INFO  Log:15 - =====================================wishlistTest TEST END=========================================
2022-06-02 14:35:20 INFO  Log:11 - =====================================verifyTotalPrice TEST START=========================================
2022-06-02 14:35:32 INFO  Log:15 - =====================================verifyTotalPrice TEST END=========================================
2022-06-02 14:35:46 INFO  Log:11 - =====================================addtoCartTest TEST START=========================================
2022-06-02 14:35:57 INFO  Log:15 - =====================================addtoCartTest TEST END=========================================
2022-06-02 14:54:43 INFO  Log:11 - =====================================loginTest TEST START=========================================
2022-06-02 14:54:43 INFO  Log:22 - user is going to click on SignIn
2022-06-02 14:54:54 INFO  Log:22 - enter Username and Password
2022-06-02 14:54:58 INFO  Log:22 - Verifying if user is able to login
2022-06-02 14:54:58 INFO  Log:22 - Login is Success
2022-06-02 14:54:58 INFO  Log:15 - =====================================loginTest TEST END=========================================
2022-06-02 14:55:08 INFO  Log:11 - =====================================endToEndTest TEST START=========================================
2022-06-02 14:56:14 INFO  Log:15 - =====================================endToEndTest TEST END=========================================
2022-06-02 14:56:27 INFO  Log:11 - =====================================verifyCreateAccountTest TEST START=========================================
2022-06-02 14:57:05 INFO  Log:11 - =====================================verifyLogo TEST START=========================================
2022-06-02 14:57:05 INFO  Log:22 - Validate if logo is present
2022-06-02 14:57:05 INFO  Log:15 - =====================================verifyLogo TEST END=========================================
2022-06-02 14:57:14 INFO  Log:11 - =====================================verifyTitle TEST START=========================================
2022-06-02 14:57:14 INFO  Log:22 - Verify if My Store Title is displayed
2022-06-02 14:57:14 INFO  Log:15 - =====================================verifyTitle TEST END=========================================
2022-06-02 14:57:26 INFO  Log:11 - =====================================productAvailabilityTest TEST START=========================================
2022-06-02 14:57:28 INFO  Log:15 - =====================================productAvailabilityTest TEST END=========================================
2022-06-02 14:57:37 INFO  Log:11 - =====================================orderHistoryTest TEST START=========================================
2022-06-02 14:57:48 INFO  Log:15 - =====================================orderHistoryTest TEST END=========================================
2022-06-02 14:57:57 INFO  Log:11 - =====================================wishlistTest TEST START=========================================
2022-06-02 14:58:06 INFO  Log:15 - =====================================wishlistTest TEST END=========================================
2022-06-02 14:58:15 INFO  Log:11 - =====================================verifyTotalPrice TEST START=========================================
2022-06-02 14:58:26 INFO  Log:15 - =====================================verifyTotalPrice TEST END=========================================
2022-06-02 14:58:35 INFO  Log:11 - =====================================addtoCartTest TEST START=========================================
2022-06-02 14:58:48 INFO  Log:15 - =====================================addtoCartTest TEST END=========================================
2022-06-02 16:16:10 INFO  Log:11 - =====================================loginTest TEST START=========================================
2022-06-02 16:16:10 INFO  Log:22 - user is going to click on SignIn
2022-06-02 16:16:16 INFO  Log:22 - enter Username and Password
2022-06-02 16:16:19 INFO  Log:22 - Verifying if user is able to login
2022-06-02 16:16:19 INFO  Log:22 - Login is Success
2022-06-02 16:16:19 INFO  Log:15 - =====================================loginTest TEST END=========================================
2022-06-02 16:16:28 INFO  Log:11 - =====================================verifyLogo TEST START=========================================
2022-06-02 16:16:28 INFO  Log:22 - Validate if logo is present
2022-06-02 16:16:28 INFO  Log:15 - =====================================verifyLogo TEST END=========================================
2022-06-02 16:16:36 INFO  Log:11 - =====================================verifyTitle TEST START=========================================
2022-06-02 16:16:36 INFO  Log:22 - Verify if My Store Title is displayed
2022-06-02 16:16:36 INFO  Log:15 - =====================================verifyTitle TEST END=========================================
2022-06-02 16:16:47 INFO  Log:11 - =====================================productAvailabilityTest TEST START=========================================
2022-06-02 16:16:53 INFO  Log:15 - =====================================productAvailabilityTest TEST END=========================================
2022-06-02 16:17:04 INFO  Log:11 - =====================================orderHistoryTest TEST START=========================================
2022-06-02 16:17:13 INFO  Log:15 - =====================================orderHistoryTest TEST END=========================================
2022-06-02 16:17:23 INFO  Log:11 - =====================================wishlistTest TEST START=========================================
2022-06-02 16:17:30 INFO  Log:15 - =====================================wishlistTest TEST END=========================================
2022-06-02 16:20:57 INFO  Log:11 - =====================================verifyLogo TEST START=========================================
2022-06-02 16:20:57 INFO  Log:22 - Validate if logo is present
2022-06-02 16:20:57 INFO  Log:15 - =====================================verifyLogo TEST END=========================================
2022-06-02 16:21:05 INFO  Log:11 - =====================================verifyTitle TEST START=========================================
2022-06-02 16:21:05 INFO  Log:22 - Verify if My Store Title is displayed
2022-06-02 16:21:06 INFO  Log:15 - =====================================verifyTitle TEST END=========================================
2022-06-02 16:21:20 INFO  Log:11 - =====================================verifyLogo TEST START=========================================
2022-06-02 16:21:20 INFO  Log:22 - Validate if logo is present
2022-06-02 16:21:21 INFO  Log:15 - =====================================verifyLogo TEST END=========================================
2022-06-02 16:21:36 INFO  Log:11 - =====================================verifyTitle TEST START=========================================
2022-06-02 16:21:36 INFO  Log:22 - Verify if My Store Title is displayed
2022-06-02 16:21:36 INFO  Log:15 - =====================================verifyTitle TEST END=========================================
2022-06-02 16:43:41 INFO  Log:11 - =====================================verifyLogo TEST START=========================================
2022-06-02 16:43:41 INFO  Log:22 - Validate if logo is present
2022-06-02 16:43:41 INFO  Log:15 - =====================================verifyLogo TEST END=========================================
2022-06-02 16:43:59 INFO  Log:11 - =====================================verifyTitle TEST START=========================================
2022-06-02 16:43:59 INFO  Log:22 - Verify if My Store Title is displayed
2022-06-02 16:43:59 INFO  Log:15 - =====================================verifyTitle TEST END=========================================
2022-06-02 16:49:23 INFO  Log:11 - =====================================verifyLogo TEST START=========================================
2022-06-02 16:49:23 INFO  Log:22 - Validate if logo is present
2022-06-02 16:49:24 INFO  Log:15 - =====================================verifyLogo TEST END=========================================
2022-06-02 16:49:24 INFO  Log:11 - =====================================verifyLogo TEST START=========================================
2022-06-02 16:49:24 INFO  Log:22 - Validate if logo is present
2022-06-02 16:49:24 INFO  Log:15 - =====================================verifyLogo TEST END=========================================
2022-06-02 16:49:39 INFO  Log:11 - =====================================verifyTitle TEST START=========================================
2022-06-02 16:49:39 INFO  Log:22 - Verify if My Store Title is displayed
2022-06-02 16:49:39 INFO  Log:15 - =====================================verifyTitle TEST END=========================================
2022-06-02 16:49:43 INFO  Log:11 - =====================================verifyTitle TEST START=========================================
2022-06-02 16:49:43 INFO  Log:22 - Verify if My Store Title is displayed
2022-06-02 16:49:43 INFO  Log:15 - =====================================verifyTitle TEST END=========================================
2022-06-02 16:51:29 INFO  Log:11 - =====================================verifyLogo TEST START=========================================
2022-06-02 16:51:29 INFO  Log:22 - Validate if logo is present
2022-06-02 16:51:35 INFO  Log:11 - =====================================verifyLogo TEST START=========================================
2022-06-02 16:51:35 INFO  Log:22 - Validate if logo is present
2022-06-02 16:51:35 INFO  Log:15 - =====================================verifyLogo TEST END=========================================
2022-06-02 16:51:36 INFO  Log:11 - =====================================verifyLogo TEST START=========================================
2022-06-02 16:51:36 INFO  Log:22 - Validate if logo is present
2022-06-02 16:51:37 INFO  Log:15 - =====================================verifyLogo TEST END=========================================
2022-06-02 16:51:51 INFO  Log:11 - =====================================verifyTitle TEST START=========================================
2022-06-02 16:51:51 INFO  Log:22 - Verify if My Store Title is displayed
2022-06-02 16:51:51 INFO  Log:15 - =====================================verifyTitle TEST END=========================================
2022-06-02 16:51:57 INFO  Log:11 - =====================================verifyTitle TEST START=========================================
2022-06-02 16:51:57 INFO  Log:22 - Verify if My Store Title is displayed
2022-06-02 16:51:57 INFO  Log:15 - =====================================verifyTitle TEST END=========================================
2022-06-02 16:52:04 INFO  Log:11 - =====================================verifyTitle TEST START=========================================
2022-06-02 16:52:04 INFO  Log:22 - Verify if My Store Title is displayed
2022-06-02 16:52:04 INFO  Log:15 - =====================================verifyTitle TEST END=========================================
2022-06-02 16:54:11 INFO  Log:11 - =====================================verifyLogo TEST START=========================================
2022-06-02 16:54:11 INFO  Log:22 - Validate if logo is present
2022-06-02 16:54:12 INFO  Log:15 - =====================================verifyLogo TEST END=========================================
2022-06-02 16:54:13 INFO  Log:11 - =====================================verifyLogo TEST START=========================================
2022-06-02 16:54:13 INFO  Log:22 - Validate if logo is present
2022-06-02 16:54:13 INFO  Log:15 - =====================================verifyLogo TEST END=========================================
2022-06-02 16:54:20 INFO  Log:11 - =====================================verifyLogo TEST START=========================================
2022-06-02 16:54:20 INFO  Log:22 - Validate if logo is present
2022-06-02 16:54:21 INFO  Log:15 - =====================================verifyLogo TEST END=========================================
2022-06-02 16:54:27 INFO  Log:11 - =====================================verifyTitle TEST START=========================================
2022-06-02 16:54:27 INFO  Log:22 - Verify if My Store Title is displayed
2022-06-02 16:54:29 INFO  Log:15 - =====================================verifyTitle TEST END=========================================
2022-06-02 16:54:35 INFO  Log:11 - =====================================verifyTitle TEST START=========================================
2022-06-02 16:54:35 INFO  Log:22 - Verify if My Store Title is displayed
2022-06-02 16:54:35 INFO  Log:15 - =====================================verifyTitle TEST END=========================================
2022-06-02 16:54:46 INFO  Log:11 - =====================================verifyTitle TEST START=========================================
2022-06-02 16:54:46 INFO  Log:22 - Verify if My Store Title is displayed
2022-06-02 16:54:46 INFO  Log:15 - =====================================verifyTitle TEST END=========================================
2022-06-02 16:58:37 INFO  Log:11 - =====================================loginTest TEST START=========================================
2022-06-02 16:58:37 INFO  Log:22 - user is going to click on SignIn
2022-06-02 16:58:38 INFO  Log:11 - =====================================loginTest TEST START=========================================
2022-06-02 16:58:38 INFO  Log:22 - user is going to click on SignIn
2022-06-02 16:58:49 INFO  Log:11 - =====================================loginTest TEST START=========================================
2022-06-02 16:58:49 INFO  Log:22 - user is going to click on SignIn
2022-06-02 16:58:52 INFO  Log:22 - enter Username and Password
2022-06-02 16:58:55 INFO  Log:22 - enter Username and Password
2022-06-02 16:58:56 INFO  Log:22 - enter Username and Password
2022-06-02 16:59:04 INFO  Log:22 - Verifying if user is able to login
2022-06-02 16:59:04 INFO  Log:22 - Login is Success
2022-06-02 16:59:04 INFO  Log:15 - =====================================loginTest TEST END=========================================
2022-06-02 16:59:08 INFO  Log:22 - Verifying if user is able to login
2022-06-02 16:59:10 INFO  Log:22 - Verifying if user is able to login
2022-06-02 16:59:10 INFO  Log:22 - Login is Success
2022-06-02 16:59:10 INFO  Log:15 - =====================================loginTest TEST END=========================================
2022-06-02 17:06:56 INFO  Log:11 - =====================================loginTest TEST START=========================================
2022-06-02 17:06:56 INFO  Log:22 - user is going to click on SignIn
2022-06-02 17:06:58 INFO  Log:11 - =====================================loginTest TEST START=========================================
2022-06-02 17:06:58 INFO  Log:22 - user is going to click on SignIn
2022-06-02 17:07:07 INFO  Log:11 - =====================================loginTest TEST START=========================================
2022-06-02 17:07:07 INFO  Log:22 - user is going to click on SignIn
2022-06-02 17:07:13 INFO  Log:22 - enter Username and Password
2022-06-02 17:07:16 INFO  Log:22 - enter Username and Password
2022-06-02 17:07:21 INFO  Log:22 - enter Username and Password
2022-06-02 17:07:33 INFO  Log:22 - Verifying if user is able to login
2022-06-02 17:07:33 INFO  Log:22 - Login is Success
2022-06-02 17:07:33 INFO  Log:15 - =====================================loginTest TEST END=========================================
2022-06-02 17:07:36 INFO  Log:22 - Verifying if user is able to login
2022-06-02 17:07:36 INFO  Log:22 - Login is Success
2022-06-02 17:07:36 INFO  Log:15 - =====================================loginTest TEST END=========================================
2022-06-02 17:08:38 INFO  Log:11 - =====================================loginTest TEST START=========================================
2022-06-02 17:08:38 INFO  Log:22 - user is going to click on SignIn
2022-06-02 17:08:41 INFO  Log:11 - =====================================loginTest TEST START=========================================
2022-06-02 17:08:41 INFO  Log:22 - user is going to click on SignIn
2022-06-02 17:08:42 INFO  Log:11 - =====================================loginTest TEST START=========================================
2022-06-02 17:08:42 INFO  Log:22 - user is going to click on SignIn
2022-06-02 17:08:48 INFO  Log:22 - enter Username and Password
2022-06-02 17:09:04 INFO  Log:22 - Verifying if user is able to login
2022-06-02 17:09:13 INFO  Log:22 - enter Username and Password
2022-06-02 17:09:14 INFO  Log:22 - enter Username and Password
2022-06-02 17:09:20 INFO  Log:22 - Verifying if user is able to login
2022-06-02 17:09:20 INFO  Log:22 - Login is Success
2022-06-02 17:09:20 INFO  Log:15 - =====================================loginTest TEST END=========================================
2022-06-02 17:09:21 INFO  Log:22 - Verifying if user is able to login
2022-06-02 17:09:21 INFO  Log:22 - Login is Success
2022-06-02 17:09:21 INFO  Log:15 - =====================================loginTest TEST END=========================================
2022-06-02 17:12:10 INFO  Log:11 - =====================================loginTest TEST START=========================================
2022-06-02 17:12:10 INFO  Log:22 - user is going to click on SignIn
2022-06-02 17:12:13 INFO  Log:11 - =====================================loginTest TEST START=========================================
2022-06-02 17:12:13 INFO  Log:22 - user is going to click on SignIn
2022-06-02 17:12:24 INFO  Log:22 - enter Username and Password
2022-06-02 17:12:28 INFO  Log:11 - =====================================loginTest TEST START=========================================
2022-06-02 17:12:28 INFO  Log:22 - user is going to click on SignIn
2022-06-02 17:12:28 INFO  Log:22 - enter Username and Password
2022-06-02 17:12:32 INFO  Log:22 - enter Username and Password
2022-06-02 17:12:34 INFO  Log:22 - Verifying if user is able to login
2022-06-02 17:12:34 INFO  Log:22 - Login is Success
2022-06-02 17:12:34 INFO  Log:15 - =====================================loginTest TEST END=========================================
2022-06-02 17:12:35 INFO  Log:22 - Verifying if user is able to login
2022-06-02 17:12:35 INFO  Log:22 - Login is Success
2022-06-02 17:12:35 INFO  Log:15 - =====================================loginTest TEST END=========================================
2022-06-02 17:12:36 INFO  Log:22 - Verifying if user is able to login
2022-06-02 17:12:36 INFO  Log:22 - Login is Success
2022-06-02 17:12:36 INFO  Log:15 - =====================================loginTest TEST END=========================================
2022-06-02 19:13:42 INFO  Log:11 - =====================================loginTest TEST START=========================================
2022-06-02 19:13:42 INFO  Log:22 - user is going to click on SignIn
2022-06-02 19:13:47 INFO  Log:22 - enter Username and Password
2022-06-02 19:13:52 INFO  Log:22 - Verifying if user is able to login
2022-06-02 19:13:52 INFO  Log:22 - Login is Success
2022-06-02 19:13:52 INFO  Log:15 - =====================================loginTest TEST END=========================================
2022-06-02 19:14:03 INFO  Log:11 - =====================================endToEndTest TEST START=========================================
2022-06-02 19:14:29 INFO  Log:15 - =====================================endToEndTest TEST END=========================================
2022-06-02 19:14:40 INFO  Log:11 - =====================================verifyCreateAccountTest TEST START=========================================
2022-06-02 19:15:10 INFO  Log:11 - =====================================verifyLogo TEST START=========================================
2022-06-02 19:15:10 INFO  Log:22 - Validate if logo is present
2022-06-02 19:15:10 INFO  Log:15 - =====================================verifyLogo TEST END=========================================
2022-06-02 19:15:24 INFO  Log:11 - =====================================verifyTitle TEST START=========================================
2022-06-02 19:15:24 INFO  Log:22 - Verify if My Store Title is displayed
2022-06-02 19:15:24 INFO  Log:15 - =====================================verifyTitle TEST END=========================================
2022-06-02 19:15:37 INFO  Log:11 - =====================================productAvailabilityTest TEST START=========================================
2022-06-02 19:15:40 INFO  Log:15 - =====================================productAvailabilityTest TEST END=========================================
2022-06-02 19:15:51 INFO  Log:11 - =====================================orderHistoryTest TEST START=========================================
2022-06-02 19:15:58 INFO  Log:15 - =====================================orderHistoryTest TEST END=========================================
2022-06-02 19:16:08 INFO  Log:11 - =====================================wishlistTest TEST START=========================================
2022-06-02 19:16:18 INFO  Log:15 - =====================================wishlistTest TEST END=========================================
2022-06-02 19:16:30 INFO  Log:11 - =====================================verifyTotalPrice TEST START=========================================
2022-06-02 19:16:44 INFO  Log:15 - =====================================verifyTotalPrice TEST END=========================================
2022-06-02 19:16:56 INFO  Log:11 - =====================================addtoCartTest TEST START=========================================
2022-06-02 19:17:15 INFO  Log:15 - =====================================addtoCartTest TEST END=========================================
2022-06-02 19:17:17 DEBUG cache:45 - Couldn't find template in cache for "v3html/v3-html-index.ftl"("en", UTF-8, parsed); will try to load it.
2022-06-02 19:17:17 DEBUG cache:45 - TemplateLoader.findTemplateSource("v3html/v3-html-index_en.ftl"): Not found
2022-06-02 19:17:17 DEBUG cache:45 - TemplateLoader.findTemplateSource("v3html/v3-html-index.ftl"): Found
2022-06-02 19:17:17 DEBUG cache:45 - Loading template for "v3html/v3-html-index.ftl"("en", UTF-8, parsed) from "jar:file:/C:/Users/Admin/.m2/repository/com/aventstack/extentreports/4.0.9/extentreports-4.0.9.jar!/com/aventstack/extentreports/view/v3html/v3-html-index.ftl"
2022-06-02 19:17:17 DEBUG cache:45 - Couldn't find template in cache for "v3html/v3-html-head.ftl"("en", UTF-8, parsed); will try to load it.
2022-06-02 19:17:17 DEBUG cache:45 - TemplateLoader.findTemplateSource("v3html/v3-html-head_en.ftl"): Not found
2022-06-02 19:17:17 DEBUG cache:45 - TemplateLoader.findTemplateSource("v3html/v3-html-head.ftl"): Found
2022-06-02 19:17:17 DEBUG cache:45 - Loading template for "v3html/v3-html-head.ftl"("en", UTF-8, parsed) from "jar:file:/C:/Users/Admin/.m2/repository/com/aventstack/extentreports/4.0.9/extentreports-4.0.9.jar!/com/aventstack/extentreports/view/v3html/v3-html-head.ftl"
2022-06-02 19:17:17 DEBUG cache:45 - Couldn't find template in cache for "v3html/v3-html-nav.ftl"("en", UTF-8, parsed); will try to load it.
2022-06-02 19:17:17 DEBUG cache:45 - TemplateLoader.findTemplateSource("v3html/v3-html-nav_en.ftl"): Not found
2022-06-02 19:17:17 DEBUG cache:45 - TemplateLoader.findTemplateSource("v3html/v3-html-nav.ftl"): Found
2022-06-02 19:17:17 DEBUG cache:45 - Loading template for "v3html/v3-html-nav.ftl"("en", UTF-8, parsed) from "jar:file:/C:/Users/Admin/.m2/repository/com/aventstack/extentreports/4.0.9/extentreports-4.0.9.jar!/com/aventstack/extentreports/view/v3html/v3-html-nav.ftl"
2022-06-02 19:17:17 DEBUG cache:45 - Couldn't find template in cache for "v3html/test-view/v3-html-test-view.ftl"("en", UTF-8, parsed); will try to load it.
2022-06-02 19:17:17 DEBUG cache:45 - TemplateLoader.findTemplateSource("v3html/test-view/v3-html-test-view_en.ftl"): Not found
2022-06-02 19:17:17 DEBUG cache:45 - TemplateLoader.findTemplateSource("v3html/test-view/v3-html-test-view.ftl"): Found
2022-06-02 19:17:17 DEBUG cache:45 - Loading template for "v3html/test-view/v3-html-test-view.ftl"("en", UTF-8, parsed) from "jar:file:/C:/Users/Admin/.m2/repository/com/aventstack/extentreports/4.0.9/extentreports-4.0.9.jar!/com/aventstack/extentreports/view/v3html/test-view/v3-html-test-view.ftl"
2022-06-02 19:17:17 DEBUG cache:45 - Couldn't find template in cache for "v3html/test-view/v3-html-test-view-charts.ftl"("en", UTF-8, parsed); will try to load it.
2022-06-02 19:17:17 DEBUG cache:45 - TemplateLoader.findTemplateSource("v3html/test-view/v3-html-test-view-charts_en.ftl"): Not found
2022-06-02 19:17:17 DEBUG cache:45 - TemplateLoader.findTemplateSource("v3html/test-view/v3-html-test-view-charts.ftl"): Found
2022-06-02 19:17:17 DEBUG cache:45 - Loading template for "v3html/test-view/v3-html-test-view-charts.ftl"("en", UTF-8, parsed) from "jar:file:/C:/Users/Admin/.m2/repository/com/aventstack/extentreports/4.0.9/extentreports-4.0.9.jar!/com/aventstack/extentreports/view/v3html/test-view/v3-html-test-view-charts.ftl"
2022-06-02 19:17:17 DEBUG cache:45 - Couldn't find template in cache for "v3html/test-view/v3-html-standard.ftl"("en", UTF-8, parsed); will try to load it.
2022-06-02 19:17:17 DEBUG cache:45 - TemplateLoader.findTemplateSource("v3html/test-view/v3-html-standard_en.ftl"): Not found
2022-06-02 19:17:17 DEBUG cache:45 - TemplateLoader.findTemplateSource("v3html/test-view/v3-html-standard.ftl"): Found
2022-06-02 19:17:17 DEBUG cache:45 - Loading template for "v3html/test-view/v3-html-standard.ftl"("en", UTF-8, parsed) from "jar:file:/C:/Users/Admin/.m2/repository/com/aventstack/extentreports/4.0.9/extentreports-4.0.9.jar!/com/aventstack/extentreports/view/v3html/test-view/v3-html-standard.ftl"
2022-06-02 19:17:17 DEBUG cache:45 - "v3html/test-view/v3-html-standard.ftl"("en", UTF-8, parsed) cached copy not yet stale; using cached.
2022-06-02 19:17:17 DEBUG cache:45 - "v3html/test-view/v3-html-standard.ftl"("en", UTF-8, parsed) cached copy not yet stale; using cached.
2022-06-02 19:17:17 DEBUG cache:45 - "v3html/test-view/v3-html-standard.ftl"("en", UTF-8, parsed) cached copy not yet stale; using cached.
2022-06-02 19:17:17 DEBUG cache:45 - "v3html/test-view/v3-html-standard.ftl"("en", UTF-8, parsed) cached copy not yet stale; using cached.
2022-06-02 19:17:17 DEBUG cache:45 - "v3html/test-view/v3-html-standard.ftl"("en", UTF-8, parsed) cached copy not yet stale; using cached.
2022-06-02 19:17:17 DEBUG cache:45 - "v3html/test-view/v3-html-standard.ftl"("en", UTF-8, parsed) cached copy not yet stale; using cached.
2022-06-02 19:17:17 DEBUG cache:45 - "v3html/test-view/v3-html-standard.ftl"("en", UTF-8, parsed) cached copy not yet stale; using cached.
2022-06-02 19:17:17 DEBUG cache:45 - "v3html/test-view/v3-html-standard.ftl"("en", UTF-8, parsed) cached copy not yet stale; using cached.
2022-06-02 19:17:17 DEBUG cache:45 - "v3html/test-view/v3-html-standard.ftl"("en", UTF-8, parsed) cached copy not yet stale; using cached.
2022-06-02 19:17:17 DEBUG cache:45 - Couldn't find template in cache for "v3html/category-view/v3-html-category-view.ftl"("en", UTF-8, parsed); will try to load it.
2022-06-02 19:17:17 DEBUG cache:45 - TemplateLoader.findTemplateSource("v3html/category-view/v3-html-category-view_en.ftl"): Not found
2022-06-02 19:17:17 DEBUG cache:45 - TemplateLoader.findTemplateSource("v3html/category-view/v3-html-category-view.ftl"): Found
2022-06-02 19:17:17 DEBUG cache:45 - Loading template for "v3html/category-view/v3-html-category-view.ftl"("en", UTF-8, parsed) from "jar:file:/C:/Users/Admin/.m2/repository/com/aventstack/extentreports/4.0.9/extentreports-4.0.9.jar!/com/aventstack/extentreports/view/v3html/category-view/v3-html-category-view.ftl"
2022-06-02 19:17:17 DEBUG cache:45 - Couldn't find template in cache for "v3html/exception-view/v3-html-exception-view.ftl"("en", UTF-8, parsed); will try to load it.
2022-06-02 19:17:17 DEBUG cache:45 - TemplateLoader.findTemplateSource("v3html/exception-view/v3-html-exception-view_en.ftl"): Not found
2022-06-02 19:17:17 DEBUG cache:45 - TemplateLoader.findTemplateSource("v3html/exception-view/v3-html-exception-view.ftl"): Found
2022-06-02 19:17:17 DEBUG cache:45 - Loading template for "v3html/exception-view/v3-html-exception-view.ftl"("en", UTF-8, parsed) from "jar:file:/C:/Users/Admin/.m2/repository/com/aventstack/extentreports/4.0.9/extentreports-4.0.9.jar!/com/aventstack/extentreports/view/v3html/exception-view/v3-html-exception-view.ftl"
2022-06-02 19:17:17 DEBUG cache:45 - Couldn't find template in cache for "v3html/author-view/v3-html-author-view.ftl"("en", UTF-8, parsed); will try to load it.
2022-06-02 19:17:17 DEBUG cache:45 - TemplateLoader.findTemplateSource("v3html/author-view/v3-html-author-view_en.ftl"): Not found
2022-06-02 19:17:17 DEBUG cache:45 - TemplateLoader.findTemplateSource("v3html/author-view/v3-html-author-view.ftl"): Found
2022-06-02 19:17:17 DEBUG cache:45 - Loading template for "v3html/author-view/v3-html-author-view.ftl"("en", UTF-8, parsed) from "jar:file:/C:/Users/Admin/.m2/repository/com/aventstack/extentreports/4.0.9/extentreports-4.0.9.jar!/com/aventstack/extentreports/view/v3html/author-view/v3-html-author-view.ftl"
2022-06-02 19:17:17 DEBUG cache:45 - Couldn't find template in cache for "v3html/dashboard-view/v3-html-dashboard-view.ftl"("en", UTF-8, parsed); will try to load it.
2022-06-02 19:17:17 DEBUG cache:45 - TemplateLoader.findTemplateSource("v3html/dashboard-view/v3-html-dashboard-view_en.ftl"): Not found
2022-06-02 19:17:17 DEBUG cache:45 - TemplateLoader.findTemplateSource("v3html/dashboard-view/v3-html-dashboard-view.ftl"): Found
2022-06-02 19:17:17 DEBUG cache:45 - Loading template for "v3html/dashboard-view/v3-html-dashboard-view.ftl"("en", UTF-8, parsed) from "jar:file:/C:/Users/Admin/.m2/repository/com/aventstack/extentreports/4.0.9/extentreports-4.0.9.jar!/com/aventstack/extentreports/view/v3html/dashboard-view/v3-html-dashboard-view.ftl"
2022-06-02 19:17:17 DEBUG cache:45 - Couldn't find template in cache for "v3html/logs-view/v3-html-testrunner-logs-view.ftl"("en", UTF-8, parsed); will try to load it.
2022-06-02 19:17:17 DEBUG cache:45 - TemplateLoader.findTemplateSource("v3html/logs-view/v3-html-testrunner-logs-view_en.ftl"): Not found
2022-06-02 19:17:17 DEBUG cache:45 - TemplateLoader.findTemplateSource("v3html/logs-view/v3-html-testrunner-logs-view.ftl"): Found
2022-06-02 19:17:17 DEBUG cache:45 - Loading template for "v3html/logs-view/v3-html-testrunner-logs-view.ftl"("en", UTF-8, parsed) from "jar:file:/C:/Users/Admin/.m2/repository/com/aventstack/extentreports/4.0.9/extentreports-4.0.9.jar!/com/aventstack/extentreports/view/v3html/logs-view/v3-html-testrunner-logs-view.ftl"
2022-06-02 19:29:19 INFO  Log:11 - =====================================loginTest TEST START=========================================
2022-06-02 19:29:19 INFO  Log:22 - user is going to click on SignIn
2022-06-02 19:29:27 INFO  Log:22 - enter Username and Password
2022-06-02 19:29:34 INFO  Log:22 - Verifying if user is able to login
2022-06-02 19:29:34 INFO  Log:22 - Login is Success
2022-06-02 19:29:34 INFO  Log:15 - =====================================loginTest TEST END=========================================
2022-06-02 19:29:45 INFO  Log:11 - =====================================verifyCreateAccountTest TEST START=========================================
2022-06-02 19:30:03 DEBUG cache:45 - Couldn't find template in cache for "v3html/v3-html-index.ftl"("en", UTF-8, parsed); will try to load it.
2022-06-02 19:30:03 DEBUG cache:45 - TemplateLoader.findTemplateSource("v3html/v3-html-index_en.ftl"): Not found
2022-06-02 19:30:03 DEBUG cache:45 - TemplateLoader.findTemplateSource("v3html/v3-html-index.ftl"): Found
2022-06-02 19:30:03 DEBUG cache:45 - Loading template for "v3html/v3-html-index.ftl"("en", UTF-8, parsed) from "jar:file:/C:/Users/Admin/.m2/repository/com/aventstack/extentreports/4.0.9/extentreports-4.0.9.jar!/com/aventstack/extentreports/view/v3html/v3-html-index.ftl"
2022-06-02 19:30:03 DEBUG cache:45 - Couldn't find template in cache for "v3html/v3-html-head.ftl"("en", UTF-8, parsed); will try to load it.
2022-06-02 19:30:03 DEBUG cache:45 - TemplateLoader.findTemplateSource("v3html/v3-html-head_en.ftl"): Not found
2022-06-02 19:30:03 DEBUG cache:45 - TemplateLoader.findTemplateSource("v3html/v3-html-head.ftl"): Found
2022-06-02 19:30:03 DEBUG cache:45 - Loading template for "v3html/v3-html-head.ftl"("en", UTF-8, parsed) from "jar:file:/C:/Users/Admin/.m2/repository/com/aventstack/extentreports/4.0.9/extentreports-4.0.9.jar!/com/aventstack/extentreports/view/v3html/v3-html-head.ftl"
2022-06-02 19:30:03 DEBUG cache:45 - Couldn't find template in cache for "v3html/v3-html-nav.ftl"("en", UTF-8, parsed); will try to load it.
2022-06-02 19:30:03 DEBUG cache:45 - TemplateLoader.findTemplateSource("v3html/v3-html-nav_en.ftl"): Not found
2022-06-02 19:30:03 DEBUG cache:45 - TemplateLoader.findTemplateSource("v3html/v3-html-nav.ftl"): Found
2022-06-02 19:30:03 DEBUG cache:45 - Loading template for "v3html/v3-html-nav.ftl"("en", UTF-8, parsed) from "jar:file:/C:/Users/Admin/.m2/repository/com/aventstack/extentreports/4.0.9/extentreports-4.0.9.jar!/com/aventstack/extentreports/view/v3html/v3-html-nav.ftl"
2022-06-02 19:30:03 DEBUG cache:45 - Couldn't find template in cache for "v3html/test-view/v3-html-test-view.ftl"("en", UTF-8, parsed); will try to load it.
2022-06-02 19:30:03 DEBUG cache:45 - TemplateLoader.findTemplateSource("v3html/test-view/v3-html-test-view_en.ftl"): Not found
2022-06-02 19:30:03 DEBUG cache:45 - TemplateLoader.findTemplateSource("v3html/test-view/v3-html-test-view.ftl"): Found
2022-06-02 19:30:03 DEBUG cache:45 - Loading template for "v3html/test-view/v3-html-test-view.ftl"("en", UTF-8, parsed) from "jar:file:/C:/Users/Admin/.m2/repository/com/aventstack/extentreports/4.0.9/extentreports-4.0.9.jar!/com/aventstack/extentreports/view/v3html/test-view/v3-html-test-view.ftl"
2022-06-02 19:30:03 DEBUG cache:45 - Couldn't find template in cache for "v3html/test-view/v3-html-test-view-charts.ftl"("en", UTF-8, parsed); will try to load it.
2022-06-02 19:30:03 DEBUG cache:45 - TemplateLoader.findTemplateSource("v3html/test-view/v3-html-test-view-charts_en.ftl"): Not found
2022-06-02 19:30:03 DEBUG cache:45 - TemplateLoader.findTemplateSource("v3html/test-view/v3-html-test-view-charts.ftl"): Found
2022-06-02 19:30:03 DEBUG cache:45 - Loading template for "v3html/test-view/v3-html-test-view-charts.ftl"("en", UTF-8, parsed) from "jar:file:/C:/Users/Admin/.m2/repository/com/aventstack/extentreports/4.0.9/extentreports-4.0.9.jar!/com/aventstack/extentreports/view/v3html/test-view/v3-html-test-view-charts.ftl"
2022-06-02 19:30:03 DEBUG cache:45 - Couldn't find template in cache for "v3html/test-view/v3-html-standard.ftl"("en", UTF-8, parsed); will try to load it.
2022-06-02 19:30:03 DEBUG cache:45 - TemplateLoader.findTemplateSource("v3html/test-view/v3-html-standard_en.ftl"): Not found
2022-06-02 19:30:03 DEBUG cache:45 - TemplateLoader.findTemplateSource("v3html/test-view/v3-html-standard.ftl"): Found
2022-06-02 19:30:03 DEBUG cache:45 - Loading template for "v3html/test-view/v3-html-standard.ftl"("en", UTF-8, parsed) from "jar:file:/C:/Users/Admin/.m2/repository/com/aventstack/extentreports/4.0.9/extentreports-4.0.9.jar!/com/aventstack/extentreports/view/v3html/test-view/v3-html-standard.ftl"
2022-06-02 19:30:03 DEBUG cache:45 - "v3html/test-view/v3-html-standard.ftl"("en", UTF-8, parsed) cached copy not yet stale; using cached.
2022-06-02 19:30:03 DEBUG cache:45 - Couldn't find template in cache for "v3html/category-view/v3-html-category-view.ftl"("en", UTF-8, parsed); will try to load it.
2022-06-02 19:30:03 DEBUG cache:45 - TemplateLoader.findTemplateSource("v3html/category-view/v3-html-category-view_en.ftl"): Not found
2022-06-02 19:30:03 DEBUG cache:45 - TemplateLoader.findTemplateSource("v3html/category-view/v3-html-category-view.ftl"): Found
2022-06-02 19:30:03 DEBUG cache:45 - Loading template for "v3html/category-view/v3-html-category-view.ftl"("en", UTF-8, parsed) from "jar:file:/C:/Users/Admin/.m2/repository/com/aventstack/extentreports/4.0.9/extentreports-4.0.9.jar!/com/aventstack/extentreports/view/v3html/category-view/v3-html-category-view.ftl"
2022-06-02 19:30:03 DEBUG cache:45 - Couldn't find template in cache for "v3html/exception-view/v3-html-exception-view.ftl"("en", UTF-8, parsed); will try to load it.
2022-06-02 19:30:03 DEBUG cache:45 - TemplateLoader.findTemplateSource("v3html/exception-view/v3-html-exception-view_en.ftl"): Not found
2022-06-02 19:30:03 DEBUG cache:45 - TemplateLoader.findTemplateSource("v3html/exception-view/v3-html-exception-view.ftl"): Found
2022-06-02 19:30:03 DEBUG cache:45 - Loading template for "v3html/exception-view/v3-html-exception-view.ftl"("en", UTF-8, parsed) from "jar:file:/C:/Users/Admin/.m2/repository/com/aventstack/extentreports/4.0.9/extentreports-4.0.9.jar!/com/aventstack/extentreports/view/v3html/exception-view/v3-html-exception-view.ftl"
2022-06-02 19:30:03 DEBUG cache:45 - Couldn't find template in cache for "v3html/author-view/v3-html-author-view.ftl"("en", UTF-8, parsed); will try to load it.
2022-06-02 19:30:03 DEBUG cache:45 - TemplateLoader.findTemplateSource("v3html/author-view/v3-html-author-view_en.ftl"): Not found
2022-06-02 19:30:03 DEBUG cache:45 - TemplateLoader.findTemplateSource("v3html/author-view/v3-html-author-view.ftl"): Found
2022-06-02 19:30:03 DEBUG cache:45 - Loading template for "v3html/author-view/v3-html-author-view.ftl"("en", UTF-8, parsed) from "jar:file:/C:/Users/Admin/.m2/repository/com/aventstack/extentreports/4.0.9/extentreports-4.0.9.jar!/com/aventstack/extentreports/view/v3html/author-view/v3-html-author-view.ftl"
2022-06-02 19:30:03 DEBUG cache:45 - Couldn't find template in cache for "v3html/dashboard-view/v3-html-dashboard-view.ftl"("en", UTF-8, parsed); will try to load it.
2022-06-02 19:30:03 DEBUG cache:45 - TemplateLoader.findTemplateSource("v3html/dashboard-view/v3-html-dashboard-view_en.ftl"): Not found
2022-06-02 19:30:03 DEBUG cache:45 - TemplateLoader.findTemplateSource("v3html/dashboard-view/v3-html-dashboard-view.ftl"): Found
2022-06-02 19:30:03 DEBUG cache:45 - Loading template for "v3html/dashboard-view/v3-html-dashboard-view.ftl"("en", UTF-8, parsed) from "jar:file:/C:/Users/Admin/.m2/repository/com/aventstack/extentreports/4.0.9/extentreports-4.0.9.jar!/com/aventstack/extentreports/view/v3html/dashboard-view/v3-html-dashboard-view.ftl"
2022-06-02 19:30:03 DEBUG cache:45 - Couldn't find template in cache for "v3html/logs-view/v3-html-testrunner-logs-view.ftl"("en", UTF-8, parsed); will try to load it.
2022-06-02 19:30:03 DEBUG cache:45 - TemplateLoader.findTemplateSource("v3html/logs-view/v3-html-testrunner-logs-view_en.ftl"): Not found
2022-06-02 19:30:03 DEBUG cache:45 - TemplateLoader.findTemplateSource("v3html/logs-view/v3-html-testrunner-logs-view.ftl"): Found
2022-06-02 19:30:03 DEBUG cache:45 - Loading template for "v3html/logs-view/v3-html-testrunner-logs-view.ftl"("en", UTF-8, parsed) from "jar:file:/C:/Users/Admin/.m2/repository/com/aventstack/extentreports/4.0.9/extentreports-4.0.9.jar!/com/aventstack/extentreports/view/v3html/logs-view/v3-html-testrunner-logs-view.ftl"
2022-06-02 19:39:00 INFO  Log:11 - =====================================loginTest TEST START=========================================
2022-06-02 19:39:00 INFO  Log:22 - user is going to click on SignIn
2022-06-02 19:39:16 INFO  Log:22 - enter Username and Password
2022-06-02 19:39:27 INFO  Log:22 - Verifying if user is able to login
2022-06-02 19:39:27 INFO  Log:22 - Login is Success
2022-06-02 19:39:27 INFO  Log:15 - =====================================loginTest TEST END=========================================
2022-06-02 19:39:44 INFO  Log:11 - =====================================verifyCreateAccountTest TEST START=========================================
2022-06-02 19:43:07 INFO  Log:11 - =====================================verifyCreateAccountTest TEST START=========================================
2022-06-03 15:45:50 INFO  Log:11 - =====================================verifyCreateAccountTest TEST START=========================================
2022-06-03 15:46:26 INFO  Log:11 - =====================================verifyLogo TEST START=========================================
2022-06-03 15:46:26 INFO  Log:22 - Validate if logo is present
2022-06-03 15:46:26 INFO  Log:15 - =====================================verifyLogo TEST END=========================================
2022-06-03 15:46:35 INFO  Log:11 - =====================================verifyTitle TEST START=========================================
2022-06-03 15:46:35 INFO  Log:22 - Verify if My Store Title is displayed
2022-06-03 15:46:35 INFO  Log:15 - =====================================verifyTitle TEST END=========================================
2022-06-03 15:46:37 DEBUG cache:45 - Couldn't find template in cache for "v3html/v3-html-index.ftl"("en", UTF-8, parsed); will try to load it.
2022-06-03 15:46:37 DEBUG cache:45 - TemplateLoader.findTemplateSource("v3html/v3-html-index_en.ftl"): Not found
2022-06-03 15:46:37 DEBUG cache:45 - TemplateLoader.findTemplateSource("v3html/v3-html-index.ftl"): Found
2022-06-03 15:46:37 DEBUG cache:45 - Loading template for "v3html/v3-html-index.ftl"("en", UTF-8, parsed) from "jar:file:/C:/Users/Admin/.m2/repository/com/aventstack/extentreports/4.0.9/extentreports-4.0.9.jar!/com/aventstack/extentreports/view/v3html/v3-html-index.ftl"
2022-06-03 15:46:37 DEBUG cache:45 - Couldn't find template in cache for "v3html/v3-html-head.ftl"("en", UTF-8, parsed); will try to load it.
2022-06-03 15:46:37 DEBUG cache:45 - TemplateLoader.findTemplateSource("v3html/v3-html-head_en.ftl"): Not found
2022-06-03 15:46:37 DEBUG cache:45 - TemplateLoader.findTemplateSource("v3html/v3-html-head.ftl"): Found
2022-06-03 15:46:37 DEBUG cache:45 - Loading template for "v3html/v3-html-head.ftl"("en", UTF-8, parsed) from "jar:file:/C:/Users/Admin/.m2/repository/com/aventstack/extentreports/4.0.9/extentreports-4.0.9.jar!/com/aventstack/extentreports/view/v3html/v3-html-head.ftl"
2022-06-03 15:46:37 DEBUG cache:45 - Couldn't find template in cache for "v3html/v3-html-nav.ftl"("en", UTF-8, parsed); will try to load it.
2022-06-03 15:46:37 DEBUG cache:45 - TemplateLoader.findTemplateSource("v3html/v3-html-nav_en.ftl"): Not found
2022-06-03 15:46:37 DEBUG cache:45 - TemplateLoader.findTemplateSource("v3html/v3-html-nav.ftl"): Found
2022-06-03 15:46:37 DEBUG cache:45 - Loading template for "v3html/v3-html-nav.ftl"("en", UTF-8, parsed) from "jar:file:/C:/Users/Admin/.m2/repository/com/aventstack/extentreports/4.0.9/extentreports-4.0.9.jar!/com/aventstack/extentreports/view/v3html/v3-html-nav.ftl"
2022-06-03 15:46:37 DEBUG cache:45 - Couldn't find template in cache for "v3html/test-view/v3-html-test-view.ftl"("en", UTF-8, parsed); will try to load it.
2022-06-03 15:46:37 DEBUG cache:45 - TemplateLoader.findTemplateSource("v3html/test-view/v3-html-test-view_en.ftl"): Not found
2022-06-03 15:46:37 DEBUG cache:45 - TemplateLoader.findTemplateSource("v3html/test-view/v3-html-test-view.ftl"): Found
2022-06-03 15:46:37 DEBUG cache:45 - Loading template for "v3html/test-view/v3-html-test-view.ftl"("en", UTF-8, parsed) from "jar:file:/C:/Users/Admin/.m2/repository/com/aventstack/extentreports/4.0.9/extentreports-4.0.9.jar!/com/aventstack/extentreports/view/v3html/test-view/v3-html-test-view.ftl"
2022-06-03 15:46:37 DEBUG cache:45 - Couldn't find template in cache for "v3html/test-view/v3-html-test-view-charts.ftl"("en", UTF-8, parsed); will try to load it.
2022-06-03 15:46:37 DEBUG cache:45 - TemplateLoader.findTemplateSource("v3html/test-view/v3-html-test-view-charts_en.ftl"): Not found
2022-06-03 15:46:37 DEBUG cache:45 - TemplateLoader.findTemplateSource("v3html/test-view/v3-html-test-view-charts.ftl"): Found
2022-06-03 15:46:37 DEBUG cache:45 - Loading template for "v3html/test-view/v3-html-test-view-charts.ftl"("en", UTF-8, parsed) from "jar:file:/C:/Users/Admin/.m2/repository/com/aventstack/extentreports/4.0.9/extentreports-4.0.9.jar!/com/aventstack/extentreports/view/v3html/test-view/v3-html-test-view-charts.ftl"
2022-06-03 15:46:37 DEBUG cache:45 - Couldn't find template in cache for "v3html/test-view/v3-html-standard.ftl"("en", UTF-8, parsed); will try to load it.
2022-06-03 15:46:37 DEBUG cache:45 - TemplateLoader.findTemplateSource("v3html/test-view/v3-html-standard_en.ftl"): Not found
2022-06-03 15:46:37 DEBUG cache:45 - TemplateLoader.findTemplateSource("v3html/test-view/v3-html-standard.ftl"): Found
2022-06-03 15:46:37 DEBUG cache:45 - Loading template for "v3html/test-view/v3-html-standard.ftl"("en", UTF-8, parsed) from "jar:file:/C:/Users/Admin/.m2/repository/com/aventstack/extentreports/4.0.9/extentreports-4.0.9.jar!/com/aventstack/extentreports/view/v3html/test-view/v3-html-standard.ftl"
2022-06-03 15:46:37 DEBUG cache:45 - "v3html/test-view/v3-html-standard.ftl"("en", UTF-8, parsed) cached copy not yet stale; using cached.
2022-06-03 15:46:37 DEBUG cache:45 - "v3html/test-view/v3-html-standard.ftl"("en", UTF-8, parsed) cached copy not yet stale; using cached.
2022-06-03 15:46:37 DEBUG cache:45 - Couldn't find template in cache for "v3html/category-view/v3-html-category-view.ftl"("en", UTF-8, parsed); will try to load it.
2022-06-03 15:46:37 DEBUG cache:45 - TemplateLoader.findTemplateSource("v3html/category-view/v3-html-category-view_en.ftl"): Not found
2022-06-03 15:46:37 DEBUG cache:45 - TemplateLoader.findTemplateSource("v3html/category-view/v3-html-category-view.ftl"): Found
2022-06-03 15:46:37 DEBUG cache:45 - Loading template for "v3html/category-view/v3-html-category-view.ftl"("en", UTF-8, parsed) from "jar:file:/C:/Users/Admin/.m2/repository/com/aventstack/extentreports/4.0.9/extentreports-4.0.9.jar!/com/aventstack/extentreports/view/v3html/category-view/v3-html-category-view.ftl"
2022-06-03 15:46:37 DEBUG cache:45 - Couldn't find template in cache for "v3html/exception-view/v3-html-exception-view.ftl"("en", UTF-8, parsed); will try to load it.
2022-06-03 15:46:37 DEBUG cache:45 - TemplateLoader.findTemplateSource("v3html/exception-view/v3-html-exception-view_en.ftl"): Not found
2022-06-03 15:46:37 DEBUG cache:45 - TemplateLoader.findTemplateSource("v3html/exception-view/v3-html-exception-view.ftl"): Found
2022-06-03 15:46:37 DEBUG cache:45 - Loading template for "v3html/exception-view/v3-html-exception-view.ftl"("en", UTF-8, parsed) from "jar:file:/C:/Users/Admin/.m2/repository/com/aventstack/extentreports/4.0.9/extentreports-4.0.9.jar!/com/aventstack/extentreports/view/v3html/exception-view/v3-html-exception-view.ftl"
2022-06-03 15:46:37 DEBUG cache:45 - Couldn't find template in cache for "v3html/author-view/v3-html-author-view.ftl"("en", UTF-8, parsed); will try to load it.
2022-06-03 15:46:37 DEBUG cache:45 - TemplateLoader.findTemplateSource("v3html/author-view/v3-html-author-view_en.ftl"): Not found
2022-06-03 15:46:37 DEBUG cache:45 - TemplateLoader.findTemplateSource("v3html/author-view/v3-html-author-view.ftl"): Found
2022-06-03 15:46:37 DEBUG cache:45 - Loading template for "v3html/author-view/v3-html-author-view.ftl"("en", UTF-8, parsed) from "jar:file:/C:/Users/Admin/.m2/repository/com/aventstack/extentreports/4.0.9/extentreports-4.0.9.jar!/com/aventstack/extentreports/view/v3html/author-view/v3-html-author-view.ftl"
2022-06-03 15:46:37 DEBUG cache:45 - Couldn't find template in cache for "v3html/dashboard-view/v3-html-dashboard-view.ftl"("en", UTF-8, parsed); will try to load it.
2022-06-03 15:46:37 DEBUG cache:45 - TemplateLoader.findTemplateSource("v3html/dashboard-view/v3-html-dashboard-view_en.ftl"): Not found
2022-06-03 15:46:37 DEBUG cache:45 - TemplateLoader.findTemplateSource("v3html/dashboard-view/v3-html-dashboard-view.ftl"): Found
2022-06-03 15:46:37 DEBUG cache:45 - Loading template for "v3html/dashboard-view/v3-html-dashboard-view.ftl"("en", UTF-8, parsed) from "jar:file:/C:/Users/Admin/.m2/repository/com/aventstack/extentreports/4.0.9/extentreports-4.0.9.jar!/com/aventstack/extentreports/view/v3html/dashboard-view/v3-html-dashboard-view.ftl"
2022-06-03 15:46:37 DEBUG cache:45 - Couldn't find template in cache for "v3html/logs-view/v3-html-testrunner-logs-view.ftl"("en", UTF-8, parsed); will try to load it.
2022-06-03 15:46:37 DEBUG cache:45 - TemplateLoader.findTemplateSource("v3html/logs-view/v3-html-testrunner-logs-view_en.ftl"): Not found
2022-06-03 15:46:37 DEBUG cache:45 - TemplateLoader.findTemplateSource("v3html/logs-view/v3-html-testrunner-logs-view.ftl"): Found
2022-06-03 15:46:37 DEBUG cache:45 - Loading template for "v3html/logs-view/v3-html-testrunner-logs-view.ftl"("en", UTF-8, parsed) from "jar:file:/C:/Users/Admin/.m2/repository/com/aventstack/extentreports/4.0.9/extentreports-4.0.9.jar!/com/aventstack/extentreports/view/v3html/logs-view/v3-html-testrunner-logs-view.ftl"
